

Started GET "/eventos" for 127.0.0.1 at 2014-11-21 12:13:56 -0300

ActionController::RoutingError (No route matches [GET] "/eventos"):
  actionpack (4.1.6) lib/action_dispatch/middleware/debug_exceptions.rb:21:in `call'
  actionpack (4.1.6) lib/action_dispatch/middleware/show_exceptions.rb:30:in `call'
  railties (4.1.6) lib/rails/rack/logger.rb:38:in `call_app'
  railties (4.1.6) lib/rails/rack/logger.rb:20:in `block in call'
  activesupport (4.1.6) lib/active_support/tagged_logging.rb:68:in `block in tagged'
  activesupport (4.1.6) lib/active_support/tagged_logging.rb:26:in `tagged'
  activesupport (4.1.6) lib/active_support/tagged_logging.rb:68:in `tagged'
  railties (4.1.6) lib/rails/rack/logger.rb:20:in `call'
  actionpack (4.1.6) lib/action_dispatch/middleware/request_id.rb:21:in `call'
  rack (1.5.2) lib/rack/methodoverride.rb:21:in `call'
  rack (1.5.2) lib/rack/runtime.rb:17:in `call'
  activesupport (4.1.6) lib/active_support/cache/strategy/local_cache_middleware.rb:26:in `call'
  rack (1.5.2) lib/rack/lock.rb:17:in `call'
  actionpack (4.1.6) lib/action_dispatch/middleware/static.rb:64:in `call'
  rack (1.5.2) lib/rack/sendfile.rb:112:in `call'
  railties (4.1.6) lib/rails/engine.rb:514:in `call'
  railties (4.1.6) lib/rails/application.rb:144:in `call'
  rack (1.5.2) lib/rack/lock.rb:17:in `call'
  rack (1.5.2) lib/rack/content_length.rb:14:in `call'
  rack (1.5.2) lib/rack/handler/webrick.rb:60:in `service'
  /System/Library/Frameworks/Ruby.framework/Versions/2.0/usr/lib/ruby/2.0.0/webrick/httpserver.rb:138:in `service'
  /System/Library/Frameworks/Ruby.framework/Versions/2.0/usr/lib/ruby/2.0.0/webrick/httpserver.rb:94:in `run'
  /System/Library/Frameworks/Ruby.framework/Versions/2.0/usr/lib/ruby/2.0.0/webrick/server.rb:295:in `block in start_thread'


  Rendered /Library/Ruby/Gems/2.0.0/gems/actionpack-4.1.6/lib/action_dispatch/middleware/templates/rescues/_trace.html.erb (1.0ms)
  Rendered /Library/Ruby/Gems/2.0.0/gems/actionpack-4.1.6/lib/action_dispatch/middleware/templates/routes/_table.html.erb (18.3ms)
  Rendered /Library/Ruby/Gems/2.0.0/gems/actionpack-4.1.6/lib/action_dispatch/middleware/templates/rescues/routing_error.html.erb within rescues/layout (33.1ms)


Started GET "/" for 127.0.0.1 at 2014-11-21 12:13:56 -0300
Processing by Rails::WelcomeController#index as HTML
  Rendered /Library/Ruby/Gems/2.0.0/gems/railties-4.1.6/lib/rails/templates/rails/welcome/index.html.erb (0.7ms)
Completed 200 OK in 35ms (Views: 2.6ms | ActiveRecord: 0.0ms)


Started GET "/" for 127.0.0.1 at 2014-11-21 12:13:56 -0300
Processing by Rails::WelcomeController#index as HTML
  Rendered /Library/Ruby/Gems/2.0.0/gems/railties-4.1.6/lib/rails/templates/rails/welcome/index.html.erb (0.1ms)
Completed 200 OK in 2ms (Views: 1.5ms | ActiveRecord: 0.0ms)


Started GET "/eventos" for 127.0.0.1 at 2014-11-21 12:13:57 -0300

ActionController::RoutingError (No route matches [GET] "/eventos"):
  actionpack (4.1.6) lib/action_dispatch/middleware/debug_exceptions.rb:21:in `call'
  actionpack (4.1.6) lib/action_dispatch/middleware/show_exceptions.rb:30:in `call'
  railties (4.1.6) lib/rails/rack/logger.rb:38:in `call_app'
  railties (4.1.6) lib/rails/rack/logger.rb:20:in `block in call'
  activesupport (4.1.6) lib/active_support/tagged_logging.rb:68:in `block in tagged'
  activesupport (4.1.6) lib/active_support/tagged_logging.rb:26:in `tagged'
  activesupport (4.1.6) lib/active_support/tagged_logging.rb:68:in `tagged'
  railties (4.1.6) lib/rails/rack/logger.rb:20:in `call'
  actionpack (4.1.6) lib/action_dispatch/middleware/request_id.rb:21:in `call'
  rack (1.5.2) lib/rack/methodoverride.rb:21:in `call'
  rack (1.5.2) lib/rack/runtime.rb:17:in `call'
  activesupport (4.1.6) lib/active_support/cache/strategy/local_cache_middleware.rb:26:in `call'
  rack (1.5.2) lib/rack/lock.rb:17:in `call'
  actionpack (4.1.6) lib/action_dispatch/middleware/static.rb:64:in `call'
  rack (1.5.2) lib/rack/sendfile.rb:112:in `call'
  railties (4.1.6) lib/rails/engine.rb:514:in `call'
  railties (4.1.6) lib/rails/application.rb:144:in `call'
  rack (1.5.2) lib/rack/lock.rb:17:in `call'
  rack (1.5.2) lib/rack/content_length.rb:14:in `call'
  rack (1.5.2) lib/rack/handler/webrick.rb:60:in `service'
  /System/Library/Frameworks/Ruby.framework/Versions/2.0/usr/lib/ruby/2.0.0/webrick/httpserver.rb:138:in `service'
  /System/Library/Frameworks/Ruby.framework/Versions/2.0/usr/lib/ruby/2.0.0/webrick/httpserver.rb:94:in `run'
  /System/Library/Frameworks/Ruby.framework/Versions/2.0/usr/lib/ruby/2.0.0/webrick/server.rb:295:in `block in start_thread'


  Rendered /Library/Ruby/Gems/2.0.0/gems/actionpack-4.1.6/lib/action_dispatch/middleware/templates/rescues/_trace.html.erb (1.8ms)
  Rendered /Library/Ruby/Gems/2.0.0/gems/actionpack-4.1.6/lib/action_dispatch/middleware/templates/routes/_table.html.erb (0.9ms)
  Rendered /Library/Ruby/Gems/2.0.0/gems/actionpack-4.1.6/lib/action_dispatch/middleware/templates/rescues/routing_error.html.erb within rescues/layout (15.1ms)


Started GET "/" for 127.0.0.1 at 2014-11-21 12:13:57 -0300
Processing by Rails::WelcomeController#index as HTML
  Rendered /Library/Ruby/Gems/2.0.0/gems/railties-4.1.6/lib/rails/templates/rails/welcome/index.html.erb (0.0ms)
Completed 200 OK in 1ms (Views: 0.9ms | ActiveRecord: 0.0ms)


Started GET "/" for 127.0.0.1 at 2014-11-21 12:25:54 -0300
Processing by Rails::WelcomeController#index as HTML
  Rendered /Library/Ruby/Gems/2.0.0/gems/railties-4.1.6/lib/rails/templates/rails/welcome/index.html.erb (0.0ms)
Completed 200 OK in 1ms (Views: 0.8ms | ActiveRecord: 0.0ms)


Started GET "/" for 127.0.0.1 at 2014-11-21 12:25:55 -0300
Processing by Rails::WelcomeController#index as HTML
  Rendered /Library/Ruby/Gems/2.0.0/gems/railties-4.1.6/lib/rails/templates/rails/welcome/index.html.erb (0.0ms)
Completed 200 OK in 1ms (Views: 0.8ms | ActiveRecord: 0.0ms)


Started GET "/" for 127.0.0.1 at 2014-11-21 12:32:01 -0300
Processing by Rails::WelcomeController#index as HTML
  Rendered /Library/Ruby/Gems/2.0.0/gems/railties-4.1.6/lib/rails/templates/rails/welcome/index.html.erb (0.1ms)
Completed 200 OK in 1ms (Views: 1.1ms | ActiveRecord: 0.0ms)


Started GET "/" for 127.0.0.1 at 2014-11-21 12:32:02 -0300
Processing by Rails::WelcomeController#index as HTML
  Rendered /Library/Ruby/Gems/2.0.0/gems/railties-4.1.6/lib/rails/templates/rails/welcome/index.html.erb (0.0ms)
Completed 200 OK in 1ms (Views: 0.9ms | ActiveRecord: 0.0ms)


Started GET "/" for 127.0.0.1 at 2014-11-21 12:32:04 -0300
Processing by Rails::WelcomeController#index as HTML
  Rendered /Library/Ruby/Gems/2.0.0/gems/railties-4.1.6/lib/rails/templates/rails/welcome/index.html.erb (0.1ms)
Completed 200 OK in 1ms (Views: 0.9ms | ActiveRecord: 0.0ms)


Started GET "/" for 127.0.0.1 at 2014-11-21 12:32:05 -0300
Processing by Rails::WelcomeController#index as HTML
  Rendered /Library/Ruby/Gems/2.0.0/gems/railties-4.1.6/lib/rails/templates/rails/welcome/index.html.erb (0.0ms)
Completed 200 OK in 1ms (Views: 0.8ms | ActiveRecord: 0.0ms)


Started GET "/" for 127.0.0.1 at 2014-11-21 12:32:05 -0300
Processing by Rails::WelcomeController#index as HTML
  Rendered /Library/Ruby/Gems/2.0.0/gems/railties-4.1.6/lib/rails/templates/rails/welcome/index.html.erb (0.0ms)
Completed 200 OK in 1ms (Views: 0.8ms | ActiveRecord: 0.0ms)


Started GET "/" for 127.0.0.1 at 2014-11-21 12:32:05 -0300
Processing by Rails::WelcomeController#index as HTML
  Rendered /Library/Ruby/Gems/2.0.0/gems/railties-4.1.6/lib/rails/templates/rails/welcome/index.html.erb (0.0ms)
Completed 200 OK in 1ms (Views: 0.7ms | ActiveRecord: 0.0ms)


Started GET "/" for 127.0.0.1 at 2014-11-21 12:32:05 -0300
Processing by Rails::WelcomeController#index as HTML
  Rendered /Library/Ruby/Gems/2.0.0/gems/railties-4.1.6/lib/rails/templates/rails/welcome/index.html.erb (0.0ms)
Completed 200 OK in 1ms (Views: 0.9ms | ActiveRecord: 0.0ms)


Started GET "/" for 127.0.0.1 at 2014-11-21 12:32:13 -0300
Processing by StaticPagesController#home as HTML
  Rendered static_pages/home.html.erb within layouts/application (0.3ms)
Completed 500 Internal Server Error in 75ms

ActionView::Template::Error (File to import not found or unreadable: bootstrap-sprockets.
Load paths:
  /Users/jorge/Documents/Facultad/Taller de proyectos I/bitwin/app/assets/images
  /Users/jorge/Documents/Facultad/Taller de proyectos I/bitwin/app/assets/javascripts
  /Users/jorge/Documents/Facultad/Taller de proyectos I/bitwin/app/assets/stylesheets
  /Users/jorge/Documents/Facultad/Taller de proyectos I/bitwin/vendor/assets/javascripts
  /Users/jorge/Documents/Facultad/Taller de proyectos I/bitwin/vendor/assets/stylesheets
  /Library/Ruby/Gems/2.0.0/gems/turbolinks-2.5.2/lib/assets/javascripts
  /Library/Ruby/Gems/2.0.0/gems/jquery-rails-3.1.2/vendor/assets/javascripts
  /Library/Ruby/Gems/2.0.0/gems/coffee-rails-4.0.1/lib/assets/javascripts
  (in /Users/jorge/Documents/Facultad/Taller de proyectos I/bitwin/app/assets/stylesheets/application.css.sass:17)):
    2: <html>
    3: <head>
    4:   <title>Bitwin</title>
    5:   <%= stylesheet_link_tag    'application', media: 'all', 'data-turbolinks-track' => true %>
    6:   <%= javascript_include_tag 'application', 'data-turbolinks-track' => true %>
    7:   <%= csrf_meta_tags %>
    8: </head>
  app/assets/stylesheets/application.css.sass:17
  app/views/layouts/application.html.erb:5:in `_app_views_layouts_application_html_erb__1280012744399093148_70178613948380'


  Rendered /Library/Ruby/Gems/2.0.0/gems/actionpack-4.1.6/lib/action_dispatch/middleware/templates/rescues/_trace.html.erb (1.2ms)
  Rendered /Library/Ruby/Gems/2.0.0/gems/actionpack-4.1.6/lib/action_dispatch/middleware/templates/rescues/_request_and_response.html.erb (1.3ms)
  Rendered /Library/Ruby/Gems/2.0.0/gems/actionpack-4.1.6/lib/action_dispatch/middleware/templates/rescues/template_error.html.erb within rescues/layout (29.3ms)


Started GET "/" for 127.0.0.1 at 2014-11-21 12:38:10 -0300
Processing by StaticPagesController#home as HTML
  Rendered static_pages/home.html.erb within layouts/application (0.1ms)
Completed 500 Internal Server Error in 6ms

ActionView::Template::Error (Invalid @import: expected end of line, was ";".
  (in /Users/jorge/Documents/Facultad/Taller de proyectos I/bitwin/app/assets/stylesheets/application.css.sass:17)):
    2: <html>
    3: <head>
    4:   <title>Bitwin</title>
    5:   <%= stylesheet_link_tag    'application', media: 'all', 'data-turbolinks-track' => true %>
    6:   <%= javascript_include_tag 'application', 'data-turbolinks-track' => true %>
    7:   <%= csrf_meta_tags %>
    8: </head>
  app/assets/stylesheets/application.css.sass:17
  app/views/layouts/application.html.erb:5:in `_app_views_layouts_application_html_erb__1280012744399093148_70178613948380'


  Rendered /Library/Ruby/Gems/2.0.0/gems/actionpack-4.1.6/lib/action_dispatch/middleware/templates/rescues/_trace.html.erb (1.0ms)
  Rendered /Library/Ruby/Gems/2.0.0/gems/actionpack-4.1.6/lib/action_dispatch/middleware/templates/rescues/_request_and_response.html.erb (0.7ms)
  Rendered /Library/Ruby/Gems/2.0.0/gems/actionpack-4.1.6/lib/action_dispatch/middleware/templates/rescues/template_error.html.erb within rescues/layout (8.4ms)


Started GET "/" for 127.0.0.1 at 2014-11-21 12:38:11 -0300
Processing by StaticPagesController#home as HTML
  Rendered static_pages/home.html.erb within layouts/application (0.0ms)
Completed 500 Internal Server Error in 6ms

ActionView::Template::Error (Invalid @import: expected end of line, was ";".
  (in /Users/jorge/Documents/Facultad/Taller de proyectos I/bitwin/app/assets/stylesheets/application.css.sass:17)):
    2: <html>
    3: <head>
    4:   <title>Bitwin</title>
    5:   <%= stylesheet_link_tag    'application', media: 'all', 'data-turbolinks-track' => true %>
    6:   <%= javascript_include_tag 'application', 'data-turbolinks-track' => true %>
    7:   <%= csrf_meta_tags %>
    8: </head>
  app/assets/stylesheets/application.css.sass:17
  app/views/layouts/application.html.erb:5:in `_app_views_layouts_application_html_erb__1280012744399093148_70178613948380'


  Rendered /Library/Ruby/Gems/2.0.0/gems/actionpack-4.1.6/lib/action_dispatch/middleware/templates/rescues/_trace.html.erb (1.9ms)
  Rendered /Library/Ruby/Gems/2.0.0/gems/actionpack-4.1.6/lib/action_dispatch/middleware/templates/rescues/_request_and_response.html.erb (0.8ms)
  Rendered /Library/Ruby/Gems/2.0.0/gems/actionpack-4.1.6/lib/action_dispatch/middleware/templates/rescues/template_error.html.erb within rescues/layout (10.5ms)


Started GET "/" for 127.0.0.1 at 2014-11-21 12:39:00 -0300
Processing by StaticPagesController#home as HTML
  Rendered static_pages/home.html.erb within layouts/application (0.1ms)
Completed 500 Internal Server Error in 7ms

ActionView::Template::Error (Invalid @import: expected end of line, was ";".
  (in /Users/jorge/Documents/Facultad/Taller de proyectos I/bitwin/app/assets/stylesheets/application.css.sass:17)):
    2: <html>
    3: <head>
    4:   <title>Bitwin</title>
    5:   <%= stylesheet_link_tag    'application', media: 'all', 'data-turbolinks-track' => true %>
    6:   <%= javascript_include_tag 'application', 'data-turbolinks-track' => true %>
    7:   <%= csrf_meta_tags %>
    8: </head>
  app/assets/stylesheets/application.css.sass:17
  app/views/layouts/application.html.erb:5:in `_app_views_layouts_application_html_erb__1280012744399093148_70178613948380'


  Rendered /Library/Ruby/Gems/2.0.0/gems/actionpack-4.1.6/lib/action_dispatch/middleware/templates/rescues/_trace.html.erb (1.0ms)
  Rendered /Library/Ruby/Gems/2.0.0/gems/actionpack-4.1.6/lib/action_dispatch/middleware/templates/rescues/_request_and_response.html.erb (1.0ms)
  Rendered /Library/Ruby/Gems/2.0.0/gems/actionpack-4.1.6/lib/action_dispatch/middleware/templates/rescues/template_error.html.erb within rescues/layout (9.3ms)


Started GET "/" for 127.0.0.1 at 2014-11-21 12:39:24 -0300
Processing by StaticPagesController#home as HTML
  Rendered static_pages/home.html.erb within layouts/application (0.1ms)
Completed 500 Internal Server Error in 6ms

ActionView::Template::Error (Invalid @import: expected end of line, was ";".
  (in /Users/jorge/Documents/Facultad/Taller de proyectos I/bitwin/app/assets/stylesheets/application.css.sass:2)):
    2: <html>
    3: <head>
    4:   <title>Bitwin</title>
    5:   <%= stylesheet_link_tag    'application', media: 'all', 'data-turbolinks-track' => true %>
    6:   <%= javascript_include_tag 'application', 'data-turbolinks-track' => true %>
    7:   <%= csrf_meta_tags %>
    8: </head>
  app/assets/stylesheets/application.css.sass:2
  app/views/layouts/application.html.erb:5:in `_app_views_layouts_application_html_erb__1280012744399093148_70178613948380'


  Rendered /Library/Ruby/Gems/2.0.0/gems/actionpack-4.1.6/lib/action_dispatch/middleware/templates/rescues/_trace.html.erb (1.1ms)
  Rendered /Library/Ruby/Gems/2.0.0/gems/actionpack-4.1.6/lib/action_dispatch/middleware/templates/rescues/_request_and_response.html.erb (0.8ms)
  Rendered /Library/Ruby/Gems/2.0.0/gems/actionpack-4.1.6/lib/action_dispatch/middleware/templates/rescues/template_error.html.erb within rescues/layout (9.3ms)


Started GET "/" for 127.0.0.1 at 2014-11-21 12:39:25 -0300
Processing by StaticPagesController#home as HTML
  Rendered static_pages/home.html.erb within layouts/application (0.1ms)
Completed 500 Internal Server Error in 7ms

ActionView::Template::Error (Invalid @import: expected end of line, was ";".
  (in /Users/jorge/Documents/Facultad/Taller de proyectos I/bitwin/app/assets/stylesheets/application.css.sass:2)):
    2: <html>
    3: <head>
    4:   <title>Bitwin</title>
    5:   <%= stylesheet_link_tag    'application', media: 'all', 'data-turbolinks-track' => true %>
    6:   <%= javascript_include_tag 'application', 'data-turbolinks-track' => true %>
    7:   <%= csrf_meta_tags %>
    8: </head>
  app/assets/stylesheets/application.css.sass:2
  app/views/layouts/application.html.erb:5:in `_app_views_layouts_application_html_erb__1280012744399093148_70178613948380'


  Rendered /Library/Ruby/Gems/2.0.0/gems/actionpack-4.1.6/lib/action_dispatch/middleware/templates/rescues/_trace.html.erb (1.0ms)
  Rendered /Library/Ruby/Gems/2.0.0/gems/actionpack-4.1.6/lib/action_dispatch/middleware/templates/rescues/_request_and_response.html.erb (1.3ms)
  Rendered /Library/Ruby/Gems/2.0.0/gems/actionpack-4.1.6/lib/action_dispatch/middleware/templates/rescues/template_error.html.erb within rescues/layout (9.2ms)


Started GET "/" for 127.0.0.1 at 2014-11-21 12:39:26 -0300
Processing by StaticPagesController#home as HTML
  Rendered static_pages/home.html.erb within layouts/application (0.1ms)
Completed 500 Internal Server Error in 38ms

ActionView::Template::Error (Invalid @import: expected end of line, was ";".
  (in /Users/jorge/Documents/Facultad/Taller de proyectos I/bitwin/app/assets/stylesheets/application.css.sass:2)):
    2: <html>
    3: <head>
    4:   <title>Bitwin</title>
    5:   <%= stylesheet_link_tag    'application', media: 'all', 'data-turbolinks-track' => true %>
    6:   <%= javascript_include_tag 'application', 'data-turbolinks-track' => true %>
    7:   <%= csrf_meta_tags %>
    8: </head>
  app/assets/stylesheets/application.css.sass:2
  app/views/layouts/application.html.erb:5:in `_app_views_layouts_application_html_erb__1280012744399093148_70178613948380'


  Rendered /Library/Ruby/Gems/2.0.0/gems/actionpack-4.1.6/lib/action_dispatch/middleware/templates/rescues/_trace.html.erb (1.0ms)
  Rendered /Library/Ruby/Gems/2.0.0/gems/actionpack-4.1.6/lib/action_dispatch/middleware/templates/rescues/_request_and_response.html.erb (0.7ms)
  Rendered /Library/Ruby/Gems/2.0.0/gems/actionpack-4.1.6/lib/action_dispatch/middleware/templates/rescues/template_error.html.erb within rescues/layout (8.7ms)


Started GET "/" for 127.0.0.1 at 2014-11-21 12:39:48 -0300
Processing by StaticPagesController#home as HTML
  Rendered static_pages/home.html.erb within layouts/application (0.1ms)
Completed 500 Internal Server Error in 6ms

ActionView::Template::Error (Invalid @import: expected end of line, was ";".
  (in /Users/jorge/Documents/Facultad/Taller de proyectos I/bitwin/app/assets/stylesheets/application.css.sass:1)):
    2: <html>
    3: <head>
    4:   <title>Bitwin</title>
    5:   <%= stylesheet_link_tag    'application', media: 'all', 'data-turbolinks-track' => true %>
    6:   <%= javascript_include_tag 'application', 'data-turbolinks-track' => true %>
    7:   <%= csrf_meta_tags %>
    8: </head>
  app/assets/stylesheets/application.css.sass:1
  app/views/layouts/application.html.erb:5:in `_app_views_layouts_application_html_erb__1280012744399093148_70178613948380'


  Rendered /Library/Ruby/Gems/2.0.0/gems/actionpack-4.1.6/lib/action_dispatch/middleware/templates/rescues/_trace.html.erb (0.9ms)
  Rendered /Library/Ruby/Gems/2.0.0/gems/actionpack-4.1.6/lib/action_dispatch/middleware/templates/rescues/_request_and_response.html.erb (0.7ms)
  Rendered /Library/Ruby/Gems/2.0.0/gems/actionpack-4.1.6/lib/action_dispatch/middleware/templates/rescues/template_error.html.erb within rescues/layout (8.3ms)


Started GET "/" for 127.0.0.1 at 2014-11-21 12:39:50 -0300
Processing by StaticPagesController#home as HTML
  Rendered static_pages/home.html.erb within layouts/application (0.1ms)
Completed 500 Internal Server Error in 6ms

ActionView::Template::Error (Invalid @import: expected end of line, was ";".
  (in /Users/jorge/Documents/Facultad/Taller de proyectos I/bitwin/app/assets/stylesheets/application.css.sass:1)):
    2: <html>
    3: <head>
    4:   <title>Bitwin</title>
    5:   <%= stylesheet_link_tag    'application', media: 'all', 'data-turbolinks-track' => true %>
    6:   <%= javascript_include_tag 'application', 'data-turbolinks-track' => true %>
    7:   <%= csrf_meta_tags %>
    8: </head>
  app/assets/stylesheets/application.css.sass:1
  app/views/layouts/application.html.erb:5:in `_app_views_layouts_application_html_erb__1280012744399093148_70178613948380'


  Rendered /Library/Ruby/Gems/2.0.0/gems/actionpack-4.1.6/lib/action_dispatch/middleware/templates/rescues/_trace.html.erb (1.1ms)
  Rendered /Library/Ruby/Gems/2.0.0/gems/actionpack-4.1.6/lib/action_dispatch/middleware/templates/rescues/_request_and_response.html.erb (0.8ms)
  Rendered /Library/Ruby/Gems/2.0.0/gems/actionpack-4.1.6/lib/action_dispatch/middleware/templates/rescues/template_error.html.erb within rescues/layout (10.8ms)


Started GET "/" for 127.0.0.1 at 2014-11-21 12:41:12 -0300
Processing by StaticPagesController#home as HTML
  Rendered static_pages/home.html.erb within layouts/application (0.1ms)
Completed 500 Internal Server Error in 5ms

ActionView::Template::Error (Invalid @import: expected end of line, was ";".
  (in /Users/jorge/Documents/Facultad/Taller de proyectos I/bitwin/app/assets/stylesheets/application.css.sass:1)):
    2: <html>
    3: <head>
    4:   <title>Bitwin</title>
    5:   <%= stylesheet_link_tag    'application', media: 'all', 'data-turbolinks-track' => true %>
    6:   <%= javascript_include_tag 'application', 'data-turbolinks-track' => true %>
    7:   <%= csrf_meta_tags %>
    8: </head>
  app/assets/stylesheets/application.css.sass:1
  app/views/layouts/application.html.erb:5:in `_app_views_layouts_application_html_erb__1280012744399093148_70178613948380'


  Rendered /Library/Ruby/Gems/2.0.0/gems/actionpack-4.1.6/lib/action_dispatch/middleware/templates/rescues/_trace.html.erb (1.5ms)
  Rendered /Library/Ruby/Gems/2.0.0/gems/actionpack-4.1.6/lib/action_dispatch/middleware/templates/rescues/_request_and_response.html.erb (0.8ms)
  Rendered /Library/Ruby/Gems/2.0.0/gems/actionpack-4.1.6/lib/action_dispatch/middleware/templates/rescues/template_error.html.erb within rescues/layout (10.8ms)


Started GET "/" for 127.0.0.1 at 2014-11-21 12:41:13 -0300
Processing by StaticPagesController#home as HTML
  Rendered static_pages/home.html.erb within layouts/application (0.0ms)
Completed 500 Internal Server Error in 5ms

ActionView::Template::Error (Invalid @import: expected end of line, was ";".
  (in /Users/jorge/Documents/Facultad/Taller de proyectos I/bitwin/app/assets/stylesheets/application.css.sass:1)):
    2: <html>
    3: <head>
    4:   <title>Bitwin</title>
    5:   <%= stylesheet_link_tag    'application', media: 'all', 'data-turbolinks-track' => true %>
    6:   <%= javascript_include_tag 'application', 'data-turbolinks-track' => true %>
    7:   <%= csrf_meta_tags %>
    8: </head>
  app/assets/stylesheets/application.css.sass:1
  app/views/layouts/application.html.erb:5:in `_app_views_layouts_application_html_erb__1280012744399093148_70178613948380'


  Rendered /Library/Ruby/Gems/2.0.0/gems/actionpack-4.1.6/lib/action_dispatch/middleware/templates/rescues/_trace.html.erb (32.5ms)
  Rendered /Library/Ruby/Gems/2.0.0/gems/actionpack-4.1.6/lib/action_dispatch/middleware/templates/rescues/_request_and_response.html.erb (0.8ms)
  Rendered /Library/Ruby/Gems/2.0.0/gems/actionpack-4.1.6/lib/action_dispatch/middleware/templates/rescues/template_error.html.erb within rescues/layout (40.5ms)


Started GET "/" for 127.0.0.1 at 2014-11-21 12:41:13 -0300
Processing by StaticPagesController#home as HTML
  Rendered static_pages/home.html.erb within layouts/application (0.0ms)
Completed 500 Internal Server Error in 5ms

ActionView::Template::Error (Invalid @import: expected end of line, was ";".
  (in /Users/jorge/Documents/Facultad/Taller de proyectos I/bitwin/app/assets/stylesheets/application.css.sass:1)):
    2: <html>
    3: <head>
    4:   <title>Bitwin</title>
    5:   <%= stylesheet_link_tag    'application', media: 'all', 'data-turbolinks-track' => true %>
    6:   <%= javascript_include_tag 'application', 'data-turbolinks-track' => true %>
    7:   <%= csrf_meta_tags %>
    8: </head>
  app/assets/stylesheets/application.css.sass:1
  app/views/layouts/application.html.erb:5:in `_app_views_layouts_application_html_erb__1280012744399093148_70178613948380'


  Rendered /Library/Ruby/Gems/2.0.0/gems/actionpack-4.1.6/lib/action_dispatch/middleware/templates/rescues/_trace.html.erb (0.9ms)
  Rendered /Library/Ruby/Gems/2.0.0/gems/actionpack-4.1.6/lib/action_dispatch/middleware/templates/rescues/_request_and_response.html.erb (1.2ms)
  Rendered /Library/Ruby/Gems/2.0.0/gems/actionpack-4.1.6/lib/action_dispatch/middleware/templates/rescues/template_error.html.erb within rescues/layout (8.8ms)


Started GET "/" for 127.0.0.1 at 2014-11-21 12:41:13 -0300
Processing by StaticPagesController#home as HTML
  Rendered static_pages/home.html.erb within layouts/application (0.1ms)
Completed 500 Internal Server Error in 6ms

ActionView::Template::Error (Invalid @import: expected end of line, was ";".
  (in /Users/jorge/Documents/Facultad/Taller de proyectos I/bitwin/app/assets/stylesheets/application.css.sass:1)):
    2: <html>
    3: <head>
    4:   <title>Bitwin</title>
    5:   <%= stylesheet_link_tag    'application', media: 'all', 'data-turbolinks-track' => true %>
    6:   <%= javascript_include_tag 'application', 'data-turbolinks-track' => true %>
    7:   <%= csrf_meta_tags %>
    8: </head>
  app/assets/stylesheets/application.css.sass:1
  app/views/layouts/application.html.erb:5:in `_app_views_layouts_application_html_erb__1280012744399093148_70178613948380'


  Rendered /Library/Ruby/Gems/2.0.0/gems/actionpack-4.1.6/lib/action_dispatch/middleware/templates/rescues/_trace.html.erb (0.9ms)
  Rendered /Library/Ruby/Gems/2.0.0/gems/actionpack-4.1.6/lib/action_dispatch/middleware/templates/rescues/_request_and_response.html.erb (0.7ms)
  Rendered /Library/Ruby/Gems/2.0.0/gems/actionpack-4.1.6/lib/action_dispatch/middleware/templates/rescues/template_error.html.erb within rescues/layout (8.4ms)


Started GET "/" for 127.0.0.1 at 2014-11-21 12:42:01 -0300
Processing by StaticPagesController#home as HTML
  Rendered static_pages/home.html.erb within layouts/application (0.1ms)
Completed 500 Internal Server Error in 6ms

ActionView::Template::Error (Invalid @import: expected end of line, was ";".
  (in /Users/jorge/Documents/Facultad/Taller de proyectos I/bitwin/app/assets/stylesheets/application.css.sass:1)):
    2: <html>
    3: <head>
    4:   <title>Bitwin</title>
    5:   <%= stylesheet_link_tag    'application', media: 'all', 'data-turbolinks-track' => true %>
    6:   <%= javascript_include_tag 'application', 'data-turbolinks-track' => true %>
    7:   <%= csrf_meta_tags %>
    8: </head>
  app/assets/stylesheets/application.css.sass:1
  app/views/layouts/application.html.erb:5:in `_app_views_layouts_application_html_erb__1280012744399093148_70178613948380'


  Rendered /Library/Ruby/Gems/2.0.0/gems/actionpack-4.1.6/lib/action_dispatch/middleware/templates/rescues/_trace.html.erb (0.9ms)
  Rendered /Library/Ruby/Gems/2.0.0/gems/actionpack-4.1.6/lib/action_dispatch/middleware/templates/rescues/_request_and_response.html.erb (0.7ms)
  Rendered /Library/Ruby/Gems/2.0.0/gems/actionpack-4.1.6/lib/action_dispatch/middleware/templates/rescues/template_error.html.erb within rescues/layout (8.3ms)


Started GET "/" for 127.0.0.1 at 2014-11-21 12:42:04 -0300
Processing by StaticPagesController#home as HTML
  Rendered static_pages/home.html.erb within layouts/application (0.1ms)
Completed 500 Internal Server Error in 6ms

ActionView::Template::Error (Invalid @import: expected end of line, was ";".
  (in /Users/jorge/Documents/Facultad/Taller de proyectos I/bitwin/app/assets/stylesheets/application.css.sass:1)):
    2: <html>
    3: <head>
    4:   <title>Bitwin</title>
    5:   <%= stylesheet_link_tag    'application', media: 'all', 'data-turbolinks-track' => true %>
    6:   <%= javascript_include_tag 'application', 'data-turbolinks-track' => true %>
    7:   <%= csrf_meta_tags %>
    8: </head>
  app/assets/stylesheets/application.css.sass:1
  app/views/layouts/application.html.erb:5:in `_app_views_layouts_application_html_erb__1280012744399093148_70178613948380'


  Rendered /Library/Ruby/Gems/2.0.0/gems/actionpack-4.1.6/lib/action_dispatch/middleware/templates/rescues/_trace.html.erb (1.0ms)
  Rendered /Library/Ruby/Gems/2.0.0/gems/actionpack-4.1.6/lib/action_dispatch/middleware/templates/rescues/_request_and_response.html.erb (0.7ms)
  Rendered /Library/Ruby/Gems/2.0.0/gems/actionpack-4.1.6/lib/action_dispatch/middleware/templates/rescues/template_error.html.erb within rescues/layout (8.8ms)


Started GET "/" for 127.0.0.1 at 2014-11-21 12:42:45 -0300
Processing by StaticPagesController#home as HTML
  Rendered static_pages/home.html.erb within layouts/application (0.0ms)
Completed 500 Internal Server Error in 5ms

ActionView::Template::Error (Invalid @import: expected end of line, was ";".
  (in /Users/jorge/Documents/Facultad/Taller de proyectos I/bitwin/app/assets/stylesheets/application.css.sass:1)):
    2: <html>
    3: <head>
    4:   <title>Bitwin</title>
    5:   <%= stylesheet_link_tag    'application', media: 'all', 'data-turbolinks-track' => true %>
    6:   <%= javascript_include_tag 'application', 'data-turbolinks-track' => true %>
    7:   <%= csrf_meta_tags %>
    8: </head>
  app/assets/stylesheets/application.css.sass:1
  app/views/layouts/application.html.erb:5:in `_app_views_layouts_application_html_erb__1280012744399093148_70178613948380'


  Rendered /Library/Ruby/Gems/2.0.0/gems/actionpack-4.1.6/lib/action_dispatch/middleware/templates/rescues/_trace.html.erb (0.9ms)
  Rendered /Library/Ruby/Gems/2.0.0/gems/actionpack-4.1.6/lib/action_dispatch/middleware/templates/rescues/_request_and_response.html.erb (0.9ms)
  Rendered /Library/Ruby/Gems/2.0.0/gems/actionpack-4.1.6/lib/action_dispatch/middleware/templates/rescues/template_error.html.erb within rescues/layout (9.7ms)


Started GET "/" for 127.0.0.1 at 2014-11-21 12:42:46 -0300
Processing by StaticPagesController#home as HTML
  Rendered static_pages/home.html.erb within layouts/application (0.0ms)
Completed 500 Internal Server Error in 5ms

ActionView::Template::Error (Invalid @import: expected end of line, was ";".
  (in /Users/jorge/Documents/Facultad/Taller de proyectos I/bitwin/app/assets/stylesheets/application.css.sass:1)):
    2: <html>
    3: <head>
    4:   <title>Bitwin</title>
    5:   <%= stylesheet_link_tag    'application', media: 'all', 'data-turbolinks-track' => true %>
    6:   <%= javascript_include_tag 'application', 'data-turbolinks-track' => true %>
    7:   <%= csrf_meta_tags %>
    8: </head>
  app/assets/stylesheets/application.css.sass:1
  app/views/layouts/application.html.erb:5:in `_app_views_layouts_application_html_erb__1280012744399093148_70178613948380'


  Rendered /Library/Ruby/Gems/2.0.0/gems/actionpack-4.1.6/lib/action_dispatch/middleware/templates/rescues/_trace.html.erb (0.9ms)
  Rendered /Library/Ruby/Gems/2.0.0/gems/actionpack-4.1.6/lib/action_dispatch/middleware/templates/rescues/_request_and_response.html.erb (0.8ms)
  Rendered /Library/Ruby/Gems/2.0.0/gems/actionpack-4.1.6/lib/action_dispatch/middleware/templates/rescues/template_error.html.erb within rescues/layout (8.9ms)


Started GET "/" for 127.0.0.1 at 2014-11-21 12:42:47 -0300
Processing by StaticPagesController#home as HTML
  Rendered static_pages/home.html.erb within layouts/application (0.1ms)
Completed 500 Internal Server Error in 6ms

ActionView::Template::Error (Invalid @import: expected end of line, was ";".
  (in /Users/jorge/Documents/Facultad/Taller de proyectos I/bitwin/app/assets/stylesheets/application.css.sass:1)):
    2: <html>
    3: <head>
    4:   <title>Bitwin</title>
    5:   <%= stylesheet_link_tag    'application', media: 'all', 'data-turbolinks-track' => true %>
    6:   <%= javascript_include_tag 'application', 'data-turbolinks-track' => true %>
    7:   <%= csrf_meta_tags %>
    8: </head>
  app/assets/stylesheets/application.css.sass:1
  app/views/layouts/application.html.erb:5:in `_app_views_layouts_application_html_erb__1280012744399093148_70178613948380'


  Rendered /Library/Ruby/Gems/2.0.0/gems/actionpack-4.1.6/lib/action_dispatch/middleware/templates/rescues/_trace.html.erb (0.9ms)
  Rendered /Library/Ruby/Gems/2.0.0/gems/actionpack-4.1.6/lib/action_dispatch/middleware/templates/rescues/_request_and_response.html.erb (0.7ms)
  Rendered /Library/Ruby/Gems/2.0.0/gems/actionpack-4.1.6/lib/action_dispatch/middleware/templates/rescues/template_error.html.erb within rescues/layout (8.2ms)


Started GET "/" for 127.0.0.1 at 2014-11-21 12:42:48 -0300
Processing by StaticPagesController#home as HTML
  Rendered static_pages/home.html.erb within layouts/application (0.1ms)
Completed 500 Internal Server Error in 5ms

ActionView::Template::Error (Invalid @import: expected end of line, was ";".
  (in /Users/jorge/Documents/Facultad/Taller de proyectos I/bitwin/app/assets/stylesheets/application.css.sass:1)):
    2: <html>
    3: <head>
    4:   <title>Bitwin</title>
    5:   <%= stylesheet_link_tag    'application', media: 'all', 'data-turbolinks-track' => true %>
    6:   <%= javascript_include_tag 'application', 'data-turbolinks-track' => true %>
    7:   <%= csrf_meta_tags %>
    8: </head>
  app/assets/stylesheets/application.css.sass:1
  app/views/layouts/application.html.erb:5:in `_app_views_layouts_application_html_erb__1280012744399093148_70178613948380'


  Rendered /Library/Ruby/Gems/2.0.0/gems/actionpack-4.1.6/lib/action_dispatch/middleware/templates/rescues/_trace.html.erb (0.9ms)
  Rendered /Library/Ruby/Gems/2.0.0/gems/actionpack-4.1.6/lib/action_dispatch/middleware/templates/rescues/_request_and_response.html.erb (0.7ms)
  Rendered /Library/Ruby/Gems/2.0.0/gems/actionpack-4.1.6/lib/action_dispatch/middleware/templates/rescues/template_error.html.erb within rescues/layout (8.2ms)


Started GET "/" for 127.0.0.1 at 2014-11-21 12:42:54 -0300
Processing by StaticPagesController#home as HTML
  Rendered static_pages/home.html.erb within layouts/application (0.0ms)
Completed 500 Internal Server Error in 5ms

ActionView::Template::Error (Invalid @import: expected end of line, was ";".
  (in /Users/jorge/Documents/Facultad/Taller de proyectos I/bitwin/app/assets/stylesheets/application.css.sass:1)):
    2: <html>
    3: <head>
    4:   <title>Bitwin</title>
    5:   <%= stylesheet_link_tag    'application', media: 'all', 'data-turbolinks-track' => true %>
    6:   <%= javascript_include_tag 'application', 'data-turbolinks-track' => true %>
    7:   <%= csrf_meta_tags %>
    8: </head>
  app/assets/stylesheets/application.css.sass:1
  app/views/layouts/application.html.erb:5:in `_app_views_layouts_application_html_erb__1280012744399093148_70178613948380'


  Rendered /Library/Ruby/Gems/2.0.0/gems/actionpack-4.1.6/lib/action_dispatch/middleware/templates/rescues/_trace.html.erb (1.1ms)
  Rendered /Library/Ruby/Gems/2.0.0/gems/actionpack-4.1.6/lib/action_dispatch/middleware/templates/rescues/_request_and_response.html.erb (0.7ms)
  Rendered /Library/Ruby/Gems/2.0.0/gems/actionpack-4.1.6/lib/action_dispatch/middleware/templates/rescues/template_error.html.erb within rescues/layout (9.0ms)


Started GET "/" for 127.0.0.1 at 2014-11-21 12:43:04 -0300
Processing by StaticPagesController#home as HTML
  Rendered static_pages/home.html.erb within layouts/application (0.1ms)
Completed 500 Internal Server Error in 97ms

ActionView::Template::Error (couldn't find file 'bootstrap-sprockets'
  (in /Users/jorge/Documents/Facultad/Taller de proyectos I/bitwin/app/assets/javascripts/application.js:16)):
    3: <head>
    4:   <title>Bitwin</title>
    5:   <%= stylesheet_link_tag    'application', media: 'all', 'data-turbolinks-track' => true %>
    6:   <%= javascript_include_tag 'application', 'data-turbolinks-track' => true %>
    7:   <%= csrf_meta_tags %>
    8: </head>
    9: <body>
  app/views/layouts/application.html.erb:6:in `_app_views_layouts_application_html_erb__1280012744399093148_70178613948380'


  Rendered /Library/Ruby/Gems/2.0.0/gems/actionpack-4.1.6/lib/action_dispatch/middleware/templates/rescues/_trace.html.erb (1.2ms)
  Rendered /Library/Ruby/Gems/2.0.0/gems/actionpack-4.1.6/lib/action_dispatch/middleware/templates/rescues/_request_and_response.html.erb (0.7ms)
  Rendered /Library/Ruby/Gems/2.0.0/gems/actionpack-4.1.6/lib/action_dispatch/middleware/templates/rescues/template_error.html.erb within rescues/layout (8.7ms)


Started GET "/" for 127.0.0.1 at 2014-11-21 12:43:18 -0300
Processing by StaticPagesController#home as HTML
  Rendered static_pages/home.html.erb within layouts/application (0.0ms)
Completed 200 OK in 1060ms (Views: 1059.2ms | ActiveRecord: 0.0ms)


Started GET "/assets/application.css?body=1" for 127.0.0.1 at 2014-11-21 12:43:19 -0300


Started GET "/assets/jquery.js?body=1" for 127.0.0.1 at 2014-11-21 12:43:19 -0300


Started GET "/assets/turbolinks.js?body=1" for 127.0.0.1 at 2014-11-21 12:43:19 -0300


Started GET "/assets/static_pages.js?body=1" for 127.0.0.1 at 2014-11-21 12:43:19 -0300


Started GET "/assets/jquery_ujs.js?body=1" for 127.0.0.1 at 2014-11-21 12:43:19 -0300


Started GET "/assets/application.js?body=1" for 127.0.0.1 at 2014-11-21 12:43:19 -0300


Started GET "/" for 127.0.0.1 at 2014-11-21 12:46:24 -0300
Processing by StaticPagesController#home as HTML
  Rendered static_pages/home.html.erb within layouts/application (0.1ms)
Completed 500 Internal Server Error in 12ms

ActionView::Template::Error (File to import not found or unreadable: bootstrap-sprockets.
Load paths:
  /Users/jorge/Documents/Facultad/Taller de proyectos I/bitwin/app/assets/images
  /Users/jorge/Documents/Facultad/Taller de proyectos I/bitwin/app/assets/javascripts
  /Users/jorge/Documents/Facultad/Taller de proyectos I/bitwin/app/assets/stylesheets
  /Users/jorge/Documents/Facultad/Taller de proyectos I/bitwin/vendor/assets/javascripts
  /Users/jorge/Documents/Facultad/Taller de proyectos I/bitwin/vendor/assets/stylesheets
  /Library/Ruby/Gems/2.0.0/gems/turbolinks-2.5.2/lib/assets/javascripts
  /Library/Ruby/Gems/2.0.0/gems/jquery-rails-3.1.2/vendor/assets/javascripts
  /Library/Ruby/Gems/2.0.0/gems/coffee-rails-4.0.1/lib/assets/javascripts
  (in /Users/jorge/Documents/Facultad/Taller de proyectos I/bitwin/app/assets/stylesheets/custom.css.scss:1)):
    2: <html>
    3: <head>
    4:   <title>Bitwin</title>
    5:   <%= stylesheet_link_tag    'application', media: 'all', 'data-turbolinks-track' => true %>
    6:   <%= javascript_include_tag 'application', 'data-turbolinks-track' => true %>
    7:   <%= csrf_meta_tags %>
    8: </head>
  app/assets/stylesheets/custom.css.scss:1
  app/views/layouts/application.html.erb:5:in `_app_views_layouts_application_html_erb__1280012744399093148_70178613948380'


  Rendered /Library/Ruby/Gems/2.0.0/gems/actionpack-4.1.6/lib/action_dispatch/middleware/templates/rescues/_trace.html.erb (0.9ms)
  Rendered /Library/Ruby/Gems/2.0.0/gems/actionpack-4.1.6/lib/action_dispatch/middleware/templates/rescues/_request_and_response.html.erb (0.7ms)
  Rendered /Library/Ruby/Gems/2.0.0/gems/actionpack-4.1.6/lib/action_dispatch/middleware/templates/rescues/template_error.html.erb within rescues/layout (8.5ms)


Started GET "/" for 127.0.0.1 at 2014-11-21 12:46:25 -0300
Processing by StaticPagesController#home as HTML
  Rendered static_pages/home.html.erb within layouts/application (0.0ms)
Completed 500 Internal Server Error in 10ms

ActionView::Template::Error (File to import not found or unreadable: bootstrap-sprockets.
Load paths:
  /Users/jorge/Documents/Facultad/Taller de proyectos I/bitwin/app/assets/images
  /Users/jorge/Documents/Facultad/Taller de proyectos I/bitwin/app/assets/javascripts
  /Users/jorge/Documents/Facultad/Taller de proyectos I/bitwin/app/assets/stylesheets
  /Users/jorge/Documents/Facultad/Taller de proyectos I/bitwin/vendor/assets/javascripts
  /Users/jorge/Documents/Facultad/Taller de proyectos I/bitwin/vendor/assets/stylesheets
  /Library/Ruby/Gems/2.0.0/gems/turbolinks-2.5.2/lib/assets/javascripts
  /Library/Ruby/Gems/2.0.0/gems/jquery-rails-3.1.2/vendor/assets/javascripts
  /Library/Ruby/Gems/2.0.0/gems/coffee-rails-4.0.1/lib/assets/javascripts
  (in /Users/jorge/Documents/Facultad/Taller de proyectos I/bitwin/app/assets/stylesheets/custom.css.scss:1)):
    2: <html>
    3: <head>
    4:   <title>Bitwin</title>
    5:   <%= stylesheet_link_tag    'application', media: 'all', 'data-turbolinks-track' => true %>
    6:   <%= javascript_include_tag 'application', 'data-turbolinks-track' => true %>
    7:   <%= csrf_meta_tags %>
    8: </head>
  app/assets/stylesheets/custom.css.scss:1
  app/views/layouts/application.html.erb:5:in `_app_views_layouts_application_html_erb__1280012744399093148_70178613948380'


  Rendered /Library/Ruby/Gems/2.0.0/gems/actionpack-4.1.6/lib/action_dispatch/middleware/templates/rescues/_trace.html.erb (1.5ms)
  Rendered /Library/Ruby/Gems/2.0.0/gems/actionpack-4.1.6/lib/action_dispatch/middleware/templates/rescues/_request_and_response.html.erb (0.9ms)
  Rendered /Library/Ruby/Gems/2.0.0/gems/actionpack-4.1.6/lib/action_dispatch/middleware/templates/rescues/template_error.html.erb within rescues/layout (10.6ms)


Started GET "/" for 127.0.0.1 at 2014-11-21 12:49:37 -0300
Processing by StaticPagesController#home as HTML
  Rendered static_pages/home.html.erb within layouts/application (0.8ms)
Completed 200 OK in 2738ms (Views: 2721.1ms | ActiveRecord: 0.0ms)


Started GET "/assets/custom.css?body=1" for 127.0.0.1 at 2014-11-21 12:49:40 -0300


Started GET "/assets/application.css?body=1" for 127.0.0.1 at 2014-11-21 12:49:40 -0300


Started GET "/assets/turbolinks.js?body=1" for 127.0.0.1 at 2014-11-21 12:49:40 -0300


Started GET "/assets/static_pages.css?body=1" for 127.0.0.1 at 2014-11-21 12:49:40 -0300


Started GET "/assets/static_pages.js?body=1" for 127.0.0.1 at 2014-11-21 12:49:40 -0300


Started GET "/assets/jquery_ujs.js?body=1" for 127.0.0.1 at 2014-11-21 12:49:40 -0300


Started GET "/assets/application.js?body=1" for 127.0.0.1 at 2014-11-21 12:49:40 -0300


Started GET "/assets/jquery.js?body=1" for 127.0.0.1 at 2014-11-21 12:49:40 -0300


Started GET "/" for 127.0.0.1 at 2014-11-21 12:50:00 -0300
Processing by StaticPagesController#home as HTML
  Rendered static_pages/home.html.erb within layouts/application (0.4ms)
Completed 200 OK in 51ms (Views: 50.2ms | ActiveRecord: 0.0ms)


Started GET "/assets/custom.css?body=1" for 127.0.0.1 at 2014-11-21 12:50:00 -0300


Started GET "/assets/static_pages.css?body=1" for 127.0.0.1 at 2014-11-21 12:50:00 -0300


Started GET "/assets/application.css?body=1" for 127.0.0.1 at 2014-11-21 12:50:00 -0300


Started GET "/assets/jquery_ujs.js?body=1" for 127.0.0.1 at 2014-11-21 12:50:00 -0300


Started GET "/assets/jquery.js?body=1" for 127.0.0.1 at 2014-11-21 12:50:00 -0300


Started GET "/assets/turbolinks.js?body=1" for 127.0.0.1 at 2014-11-21 12:50:00 -0300


Started GET "/assets/static_pages.js?body=1" for 127.0.0.1 at 2014-11-21 12:50:00 -0300


Started GET "/assets/application.js?body=1" for 127.0.0.1 at 2014-11-21 12:50:00 -0300


Started GET "/" for 127.0.0.1 at 2014-11-21 12:50:33 -0300
Processing by StaticPagesController#home as HTML
  Rendered static_pages/home.html.erb within layouts/application (0.3ms)
Completed 200 OK in 48ms (Views: 47.3ms | ActiveRecord: 0.0ms)


Started GET "/assets/custom.css?body=1" for 127.0.0.1 at 2014-11-21 12:50:33 -0300


Started GET "/assets/jquery_ujs.js?body=1" for 127.0.0.1 at 2014-11-21 12:50:33 -0300


Started GET "/assets/application.css?body=1" for 127.0.0.1 at 2014-11-21 12:50:33 -0300


Started GET "/assets/static_pages.js?body=1" for 127.0.0.1 at 2014-11-21 12:50:33 -0300


Started GET "/assets/static_pages.css?body=1" for 127.0.0.1 at 2014-11-21 12:50:33 -0300


Started GET "/assets/turbolinks.js?body=1" for 127.0.0.1 at 2014-11-21 12:50:33 -0300


Started GET "/assets/jquery.js?body=1" for 127.0.0.1 at 2014-11-21 12:50:33 -0300


Started GET "/assets/application.js?body=1" for 127.0.0.1 at 2014-11-21 12:50:33 -0300


Started GET "/" for 127.0.0.1 at 2014-11-21 12:56:00 -0300
Processing by StaticPagesController#home as HTML
  Rendered static_pages/home.html.erb within layouts/application (0.0ms)
Completed 200 OK in 1471ms (Views: 1470.4ms | ActiveRecord: 0.0ms)


Started GET "/assets/css_for_bootstrap.css?body=1" for 127.0.0.1 at 2014-11-21 12:56:01 -0300


Started GET "/assets/application.css?body=1" for 127.0.0.1 at 2014-11-21 12:56:01 -0300


Started GET "/assets/jquery.js?body=1" for 127.0.0.1 at 2014-11-21 12:56:01 -0300


Started GET "/assets/jquery_ujs.js?body=1" for 127.0.0.1 at 2014-11-21 12:56:01 -0300


Started GET "/assets/static_pages.css?body=1" for 127.0.0.1 at 2014-11-21 12:56:01 -0300


Started GET "/assets/static_pages.js?body=1" for 127.0.0.1 at 2014-11-21 12:56:01 -0300


Started GET "/assets/turbolinks.js?body=1" for 127.0.0.1 at 2014-11-21 12:56:01 -0300


Started GET "/assets/application.js?body=1" for 127.0.0.1 at 2014-11-21 12:56:01 -0300
